CRITICAL - 2025-05-15 12:16:01 --> CodeIgniter\View\Exceptions\ViewException: Invalid file: "templates/header.php"
[Method: GET, Route: /]
in SYSTEMPATH\Exceptions\FrameworkException.php on line 39.
 1 SYSTEMPATH\View\View.php(212): CodeIgniter\Exceptions\FrameworkException::forInvalidFile('templates/header.php')
 2 SYSTEMPATH\Common.php(1173): CodeIgniter\View\View->render('templates/header', [], true)
 3 APPPATH\Controllers\Home.php(21): view('templates/header', [...])
 4 SYSTEMPATH\CodeIgniter.php(933): App\Controllers\Home->index()
 5 SYSTEMPATH\CodeIgniter.php(507): CodeIgniter\CodeIgniter->runController(Object(App\Controllers\Home))
 6 SYSTEMPATH\CodeIgniter.php(354): CodeIgniter\CodeIgniter->handleRequest(null, Object(Config\Cache), false)
 7 SYSTEMPATH\Boot.php(334): CodeIgniter\CodeIgniter->run()
 8 SYSTEMPATH\Boot.php(67): CodeIgniter\Boot::runCodeIgniter(Object(CodeIgniter\CodeIgniter))
 9 FCPATH\index.php(59): CodeIgniter\Boot::bootWeb(Object(Config\Paths))
10 SYSTEMPATH\rewrite.php(44): require_once('D:\\XAMPP\\htdocs\\PRAKTIKUM\\Modul_6\\public\\index.php')
CRITICAL - 2025-05-15 12:45:36 --> ErrorException: Undefined variable $praktikan
[Method: GET, Route: profile]
in APPPATH\Views\profile.php on line 7.
 1 APPPATH\Views\profile.php(7): CodeIgniter\Debug\Exceptions->errorHandler(2, 'Undefined variable $praktikan', 'D:\\XAMPP\\htdocs\\PRAKTIKUM\\Modul_6\\app\\Views\\profile.php', 7)
 2 SYSTEMPATH\View\View.php(224): include('D:\\XAMPP\\htdocs\\PRAKTIKUM\\Modul_6\\app\\Views\\profile.php')
 3 SYSTEMPATH\View\View.php(227): CodeIgniter\View\View->CodeIgniter\View\{closure}()
 4 SYSTEMPATH\Common.php(1173): CodeIgniter\View\View->render('profile', [], true)
 5 APPPATH\Controllers\Profile.php(18): view('profile', [...])
 6 SYSTEMPATH\CodeIgniter.php(933): App\Controllers\Profile->index()
 7 SYSTEMPATH\CodeIgniter.php(507): CodeIgniter\CodeIgniter->runController(Object(App\Controllers\Profile))
 8 SYSTEMPATH\CodeIgniter.php(354): CodeIgniter\CodeIgniter->handleRequest(null, Object(Config\Cache), false)
 9 SYSTEMPATH\Boot.php(334): CodeIgniter\CodeIgniter->run()
10 SYSTEMPATH\Boot.php(67): CodeIgniter\Boot::runCodeIgniter(Object(CodeIgniter\CodeIgniter))
11 FCPATH\index.php(59): CodeIgniter\Boot::bootWeb(Object(Config\Paths))
12 SYSTEMPATH\rewrite.php(44): require_once('D:\\XAMPP\\htdocs\\PRAKTIKUM\\Modul_6\\public\\index.php')
CRITICAL - 2025-05-15 12:52:32 --> ErrorException: Undefined variable $nama
[Method: GET, Route: /]
in APPPATH\Views\home.php on line 6.
 1 APPPATH\Views\home.php(6): CodeIgniter\Debug\Exceptions->errorHandler(2, 'Undefined variable $nama', 'D:\\XAMPP\\htdocs\\PRAKTIKUM\\Modul_6\\app\\Views\\home.php', 6)
 2 SYSTEMPATH\View\View.php(224): include('D:\\XAMPP\\htdocs\\PRAKTIKUM\\Modul_6\\app\\Views\\home.php')
 3 SYSTEMPATH\View\View.php(227): CodeIgniter\View\View->CodeIgniter\View\{closure}()
 4 SYSTEMPATH\Common.php(1173): CodeIgniter\View\View->render('home', [], true)
 5 APPPATH\Controllers\Home.php(22): view('home', [...])
 6 SYSTEMPATH\CodeIgniter.php(933): App\Controllers\Home->index()
 7 SYSTEMPATH\CodeIgniter.php(507): CodeIgniter\CodeIgniter->runController(Object(App\Controllers\Home))
 8 SYSTEMPATH\CodeIgniter.php(354): CodeIgniter\CodeIgniter->handleRequest(null, Object(Config\Cache), false)
 9 SYSTEMPATH\Boot.php(334): CodeIgniter\CodeIgniter->run()
10 SYSTEMPATH\Boot.php(67): CodeIgniter\Boot::runCodeIgniter(Object(CodeIgniter\CodeIgniter))
11 FCPATH\index.php(59): CodeIgniter\Boot::bootWeb(Object(Config\Paths))
12 SYSTEMPATH\rewrite.php(44): require_once('D:\\XAMPP\\htdocs\\PRAKTIKUM\\Modul_6\\public\\index.php')
CRITICAL - 2025-05-15 12:52:36 --> ErrorException: Undefined variable $nama
[Method: GET, Route: /]
in APPPATH\Views\home.php on line 6.
 1 APPPATH\Views\home.php(6): CodeIgniter\Debug\Exceptions->errorHandler(2, 'Undefined variable $nama', 'D:\\XAMPP\\htdocs\\PRAKTIKUM\\Modul_6\\app\\Views\\home.php', 6)
 2 SYSTEMPATH\View\View.php(224): include('D:\\XAMPP\\htdocs\\PRAKTIKUM\\Modul_6\\app\\Views\\home.php')
 3 SYSTEMPATH\View\View.php(227): CodeIgniter\View\View->CodeIgniter\View\{closure}()
 4 SYSTEMPATH\Common.php(1173): CodeIgniter\View\View->render('home', [], true)
 5 APPPATH\Controllers\Home.php(22): view('home', [...])
 6 SYSTEMPATH\CodeIgniter.php(933): App\Controllers\Home->index()
 7 SYSTEMPATH\CodeIgniter.php(507): CodeIgniter\CodeIgniter->runController(Object(App\Controllers\Home))
 8 SYSTEMPATH\CodeIgniter.php(354): CodeIgniter\CodeIgniter->handleRequest(null, Object(Config\Cache), false)
 9 SYSTEMPATH\Boot.php(334): CodeIgniter\CodeIgniter->run()
10 SYSTEMPATH\Boot.php(67): CodeIgniter\Boot::runCodeIgniter(Object(CodeIgniter\CodeIgniter))
11 FCPATH\index.php(59): CodeIgniter\Boot::bootWeb(Object(Config\Paths))
12 SYSTEMPATH\rewrite.php(44): require_once('D:\\XAMPP\\htdocs\\PRAKTIKUM\\Modul_6\\public\\index.php')
CRITICAL - 2025-05-15 13:17:42 --> ErrorException: Undefined variable $praktikan
[Method: GET, Route: profile]
in APPPATH\Views\profile.php on line 7.
 1 APPPATH\Views\profile.php(7): CodeIgniter\Debug\Exceptions->errorHandler(2, 'Undefined variable $praktikan', 'D:\\XAMPP\\htdocs\\PRAKTIKUM\\Modul_6\\app\\Views\\profile.php', 7)
 2 SYSTEMPATH\View\View.php(224): include('D:\\XAMPP\\htdocs\\PRAKTIKUM\\Modul_6\\app\\Views\\profile.php')
 3 SYSTEMPATH\View\View.php(227): CodeIgniter\View\View->CodeIgniter\View\{closure}()
 4 SYSTEMPATH\Common.php(1173): CodeIgniter\View\View->render('profile', [], true)
 5 APPPATH\Controllers\Profile.php(18): view('profile', [...])
 6 SYSTEMPATH\CodeIgniter.php(933): App\Controllers\Profile->index()
 7 SYSTEMPATH\CodeIgniter.php(507): CodeIgniter\CodeIgniter->runController(Object(App\Controllers\Profile))
 8 SYSTEMPATH\CodeIgniter.php(354): CodeIgniter\CodeIgniter->handleRequest(null, Object(Config\Cache), false)
 9 SYSTEMPATH\Boot.php(334): CodeIgniter\CodeIgniter->run()
10 SYSTEMPATH\Boot.php(67): CodeIgniter\Boot::runCodeIgniter(Object(CodeIgniter\CodeIgniter))
11 FCPATH\index.php(59): CodeIgniter\Boot::bootWeb(Object(Config\Paths))
12 SYSTEMPATH\rewrite.php(44): require_once('D:\\XAMPP\\htdocs\\PRAKTIKUM\\Modul_6\\public\\index.php')
CRITICAL - 2025-05-15 13:19:45 --> ErrorException: Undefined variable $praktikan
[Method: GET, Route: profile]
in APPPATH\Views\profile.php on line 7.
 1 APPPATH\Views\profile.php(7): CodeIgniter\Debug\Exceptions->errorHandler(2, 'Undefined variable $praktikan', 'D:\\XAMPP\\htdocs\\PRAKTIKUM\\Modul_6\\app\\Views\\profile.php', 7)
 2 SYSTEMPATH\View\View.php(224): include('D:\\XAMPP\\htdocs\\PRAKTIKUM\\Modul_6\\app\\Views\\profile.php')
 3 SYSTEMPATH\View\View.php(227): CodeIgniter\View\View->CodeIgniter\View\{closure}()
 4 SYSTEMPATH\Common.php(1173): CodeIgniter\View\View->render('profile', [], true)
 5 APPPATH\Controllers\Profile.php(18): view('profile', [...])
 6 SYSTEMPATH\CodeIgniter.php(933): App\Controllers\Profile->index()
 7 SYSTEMPATH\CodeIgniter.php(507): CodeIgniter\CodeIgniter->runController(Object(App\Controllers\Profile))
 8 SYSTEMPATH\CodeIgniter.php(354): CodeIgniter\CodeIgniter->handleRequest(null, Object(Config\Cache), false)
 9 SYSTEMPATH\Boot.php(334): CodeIgniter\CodeIgniter->run()
10 SYSTEMPATH\Boot.php(67): CodeIgniter\Boot::runCodeIgniter(Object(CodeIgniter\CodeIgniter))
11 FCPATH\index.php(59): CodeIgniter\Boot::bootWeb(Object(Config\Paths))
12 SYSTEMPATH\rewrite.php(44): require_once('D:\\XAMPP\\htdocs\\PRAKTIKUM\\Modul_6\\public\\index.php')
CRITICAL - 2025-05-15 13:20:37 --> ErrorException: Undefined variable $praktikan
[Method: GET, Route: profile]
in APPPATH\Views\profile.php on line 7.
 1 APPPATH\Views\profile.php(7): CodeIgniter\Debug\Exceptions->errorHandler(2, 'Undefined variable $praktikan', 'D:\\XAMPP\\htdocs\\PRAKTIKUM\\Modul_6\\app\\Views\\profile.php', 7)
 2 SYSTEMPATH\View\View.php(224): include('D:\\XAMPP\\htdocs\\PRAKTIKUM\\Modul_6\\app\\Views\\profile.php')
 3 SYSTEMPATH\View\View.php(227): CodeIgniter\View\View->CodeIgniter\View\{closure}()
 4 SYSTEMPATH\Common.php(1173): CodeIgniter\View\View->render('Profile', [], true)
 5 APPPATH\Controllers\Profile.php(18): view('Profile', [...])
 6 SYSTEMPATH\CodeIgniter.php(933): App\Controllers\Profile->index()
 7 SYSTEMPATH\CodeIgniter.php(507): CodeIgniter\CodeIgniter->runController(Object(App\Controllers\Profile))
 8 SYSTEMPATH\CodeIgniter.php(354): CodeIgniter\CodeIgniter->handleRequest(null, Object(Config\Cache), false)
 9 SYSTEMPATH\Boot.php(334): CodeIgniter\CodeIgniter->run()
10 SYSTEMPATH\Boot.php(67): CodeIgniter\Boot::runCodeIgniter(Object(CodeIgniter\CodeIgniter))
11 FCPATH\index.php(59): CodeIgniter\Boot::bootWeb(Object(Config\Paths))
12 SYSTEMPATH\rewrite.php(44): require_once('D:\\XAMPP\\htdocs\\PRAKTIKUM\\Modul_6\\public\\index.php')
CRITICAL - 2025-05-15 14:36:26 --> CodeIgniter\View\Exceptions\ViewException: Invalid file: "layout/header.php"
[Method: GET, Route: /]
in SYSTEMPATH\Exceptions\FrameworkException.php on line 39.
 1 SYSTEMPATH\View\View.php(212): CodeIgniter\Exceptions\FrameworkException::forInvalidFile('layout/header.php')
 2 SYSTEMPATH\View\View.php(475): CodeIgniter\View\View->render('layout/header', null, true)
 3 APPPATH\Views\home.php(1): CodeIgniter\View\View->include('layout/header')
 4 SYSTEMPATH\View\View.php(224): include('D:\\XAMPP\\htdocs\\PRAKTIKUM\\Modul_6\\app\\Views\\home.php')
 5 SYSTEMPATH\View\View.php(227): CodeIgniter\View\View->CodeIgniter\View\{closure}()
 6 SYSTEMPATH\Common.php(1173): CodeIgniter\View\View->render('home', [], true)
 7 APPPATH\Controllers\Home.php(18): view('home', [...])
 8 SYSTEMPATH\CodeIgniter.php(933): App\Controllers\Home->index()
 9 SYSTEMPATH\CodeIgniter.php(507): CodeIgniter\CodeIgniter->runController(Object(App\Controllers\Home))
10 SYSTEMPATH\CodeIgniter.php(354): CodeIgniter\CodeIgniter->handleRequest(null, Object(Config\Cache), false)
11 SYSTEMPATH\Boot.php(334): CodeIgniter\CodeIgniter->run()
12 SYSTEMPATH\Boot.php(67): CodeIgniter\Boot::runCodeIgniter(Object(CodeIgniter\CodeIgniter))
13 FCPATH\index.php(59): CodeIgniter\Boot::bootWeb(Object(Config\Paths))
14 SYSTEMPATH\rewrite.php(44): require_once('D:\\XAMPP\\htdocs\\PRAKTIKUM\\Modul_6\\public\\index.php')
CRITICAL - 2025-05-15 14:36:43 --> ErrorException: Undefined variable $profile
[Method: GET, Route: /]
in APPPATH\Views\home.php on line 5.
 1 APPPATH\Views\home.php(5): CodeIgniter\Debug\Exceptions->errorHandler(2, 'Undefined variable $profile', 'D:\\XAMPP\\htdocs\\PRAKTIKUM\\Modul_6\\app\\Views\\home.php', 5)
 2 SYSTEMPATH\View\View.php(224): include('D:\\XAMPP\\htdocs\\PRAKTIKUM\\Modul_6\\app\\Views\\home.php')
 3 SYSTEMPATH\View\View.php(227): CodeIgniter\View\View->CodeIgniter\View\{closure}()
 4 SYSTEMPATH\Common.php(1173): CodeIgniter\View\View->render('home', [], true)
 5 APPPATH\Controllers\Home.php(18): view('home', [...])
 6 SYSTEMPATH\CodeIgniter.php(933): App\Controllers\Home->index()
 7 SYSTEMPATH\CodeIgniter.php(507): CodeIgniter\CodeIgniter->runController(Object(App\Controllers\Home))
 8 SYSTEMPATH\CodeIgniter.php(354): CodeIgniter\CodeIgniter->handleRequest(null, Object(Config\Cache), false)
 9 SYSTEMPATH\Boot.php(334): CodeIgniter\CodeIgniter->run()
10 SYSTEMPATH\Boot.php(67): CodeIgniter\Boot::runCodeIgniter(Object(CodeIgniter\CodeIgniter))
11 FCPATH\index.php(59): CodeIgniter\Boot::bootWeb(Object(Config\Paths))
12 SYSTEMPATH\rewrite.php(44): require_once('D:\\XAMPP\\htdocs\\PRAKTIKUM\\Modul_6\\public\\index.php')
CRITICAL - 2025-05-15 14:36:45 --> ErrorException: Undefined variable $profile
[Method: GET, Route: /]
in APPPATH\Views\home.php on line 5.
 1 APPPATH\Views\home.php(5): CodeIgniter\Debug\Exceptions->errorHandler(2, 'Undefined variable $profile', 'D:\\XAMPP\\htdocs\\PRAKTIKUM\\Modul_6\\app\\Views\\home.php', 5)
 2 SYSTEMPATH\View\View.php(224): include('D:\\XAMPP\\htdocs\\PRAKTIKUM\\Modul_6\\app\\Views\\home.php')
 3 SYSTEMPATH\View\View.php(227): CodeIgniter\View\View->CodeIgniter\View\{closure}()
 4 SYSTEMPATH\Common.php(1173): CodeIgniter\View\View->render('home', [], true)
 5 APPPATH\Controllers\Home.php(18): view('home', [...])
 6 SYSTEMPATH\CodeIgniter.php(933): App\Controllers\Home->index()
 7 SYSTEMPATH\CodeIgniter.php(507): CodeIgniter\CodeIgniter->runController(Object(App\Controllers\Home))
 8 SYSTEMPATH\CodeIgniter.php(354): CodeIgniter\CodeIgniter->handleRequest(null, Object(Config\Cache), false)
 9 SYSTEMPATH\Boot.php(334): CodeIgniter\CodeIgniter->run()
10 SYSTEMPATH\Boot.php(67): CodeIgniter\Boot::runCodeIgniter(Object(CodeIgniter\CodeIgniter))
11 FCPATH\index.php(59): CodeIgniter\Boot::bootWeb(Object(Config\Paths))
12 SYSTEMPATH\rewrite.php(44): require_once('D:\\XAMPP\\htdocs\\PRAKTIKUM\\Modul_6\\public\\index.php')
CRITICAL - 2025-05-15 14:37:31 --> ErrorException: Undefined variable $profile
[Method: GET, Route: /]
in APPPATH\Views\home.php on line 4.
 1 APPPATH\Views\home.php(4): CodeIgniter\Debug\Exceptions->errorHandler(2, 'Undefined variable $profile', 'D:\\XAMPP\\htdocs\\PRAKTIKUM\\Modul_6\\app\\Views\\home.php', 4)
 2 SYSTEMPATH\View\View.php(224): include('D:\\XAMPP\\htdocs\\PRAKTIKUM\\Modul_6\\app\\Views\\home.php')
 3 SYSTEMPATH\View\View.php(227): CodeIgniter\View\View->CodeIgniter\View\{closure}()
 4 SYSTEMPATH\Common.php(1173): CodeIgniter\View\View->render('home', [], true)
 5 APPPATH\Controllers\Home.php(18): view('home', [...])
 6 SYSTEMPATH\CodeIgniter.php(933): App\Controllers\Home->index()
 7 SYSTEMPATH\CodeIgniter.php(507): CodeIgniter\CodeIgniter->runController(Object(App\Controllers\Home))
 8 SYSTEMPATH\CodeIgniter.php(354): CodeIgniter\CodeIgniter->handleRequest(null, Object(Config\Cache), false)
 9 SYSTEMPATH\Boot.php(334): CodeIgniter\CodeIgniter->run()
10 SYSTEMPATH\Boot.php(67): CodeIgniter\Boot::runCodeIgniter(Object(CodeIgniter\CodeIgniter))
11 FCPATH\index.php(59): CodeIgniter\Boot::bootWeb(Object(Config\Paths))
12 SYSTEMPATH\rewrite.php(44): require_once('D:\\XAMPP\\htdocs\\PRAKTIKUM\\Modul_6\\public\\index.php')
CRITICAL - 2025-05-15 14:38:43 --> CodeIgniter\View\Exceptions\ViewException: Invalid file: "layout/header.php"
[Method: GET, Route: home/profile]
in SYSTEMPATH\Exceptions\FrameworkException.php on line 39.
 1 SYSTEMPATH\View\View.php(212): CodeIgniter\Exceptions\FrameworkException::forInvalidFile('layout/header.php')
 2 SYSTEMPATH\View\View.php(475): CodeIgniter\View\View->render('layout/header', null, true)
 3 APPPATH\Views\profile.php(1): CodeIgniter\View\View->include('layout/header')
 4 SYSTEMPATH\View\View.php(224): include('D:\\XAMPP\\htdocs\\PRAKTIKUM\\Modul_6\\app\\Views\\profile.php')
 5 SYSTEMPATH\View\View.php(227): CodeIgniter\View\View->CodeIgniter\View\{closure}()
 6 SYSTEMPATH\Common.php(1173): CodeIgniter\View\View->render('profile', [], true)
 7 APPPATH\Controllers\Home.php(28): view('profile', [...])
 8 SYSTEMPATH\CodeIgniter.php(933): App\Controllers\Home->profile()
 9 SYSTEMPATH\CodeIgniter.php(507): CodeIgniter\CodeIgniter->runController(Object(App\Controllers\Home))
10 SYSTEMPATH\CodeIgniter.php(354): CodeIgniter\CodeIgniter->handleRequest(null, Object(Config\Cache), false)
11 SYSTEMPATH\Boot.php(334): CodeIgniter\CodeIgniter->run()
12 SYSTEMPATH\Boot.php(67): CodeIgniter\Boot::runCodeIgniter(Object(CodeIgniter\CodeIgniter))
13 FCPATH\index.php(59): CodeIgniter\Boot::bootWeb(Object(Config\Paths))
14 SYSTEMPATH\rewrite.php(44): require_once('D:\\XAMPP\\htdocs\\PRAKTIKUM\\Modul_6\\public\\index.php')
CRITICAL - 2025-05-15 14:39:18 --> ErrorException: Undefined variable $profile
[Method: GET, Route: home/profile]
in APPPATH\Views\profile.php on line 17.
 1 APPPATH\Views\profile.php(17): CodeIgniter\Debug\Exceptions->errorHandler(2, 'Undefined variable $profile', 'D:\\XAMPP\\htdocs\\PRAKTIKUM\\Modul_6\\app\\Views\\profile.php', 17)
 2 SYSTEMPATH\View\View.php(224): include('D:\\XAMPP\\htdocs\\PRAKTIKUM\\Modul_6\\app\\Views\\profile.php')
 3 SYSTEMPATH\View\View.php(227): CodeIgniter\View\View->CodeIgniter\View\{closure}()
 4 SYSTEMPATH\Common.php(1173): CodeIgniter\View\View->render('profile', [], true)
 5 APPPATH\Controllers\Home.php(28): view('profile', [...])
 6 SYSTEMPATH\CodeIgniter.php(933): App\Controllers\Home->profile()
 7 SYSTEMPATH\CodeIgniter.php(507): CodeIgniter\CodeIgniter->runController(Object(App\Controllers\Home))
 8 SYSTEMPATH\CodeIgniter.php(354): CodeIgniter\CodeIgniter->handleRequest(null, Object(Config\Cache), false)
 9 SYSTEMPATH\Boot.php(334): CodeIgniter\CodeIgniter->run()
10 SYSTEMPATH\Boot.php(67): CodeIgniter\Boot::runCodeIgniter(Object(CodeIgniter\CodeIgniter))
11 FCPATH\index.php(59): CodeIgniter\Boot::bootWeb(Object(Config\Paths))
12 SYSTEMPATH\rewrite.php(44): require_once('D:\\XAMPP\\htdocs\\PRAKTIKUM\\Modul_6\\public\\index.php')
CRITICAL - 2025-05-15 14:39:20 --> ErrorException: Undefined variable $profile
[Method: GET, Route: home/profile]
in APPPATH\Views\profile.php on line 17.
 1 APPPATH\Views\profile.php(17): CodeIgniter\Debug\Exceptions->errorHandler(2, 'Undefined variable $profile', 'D:\\XAMPP\\htdocs\\PRAKTIKUM\\Modul_6\\app\\Views\\profile.php', 17)
 2 SYSTEMPATH\View\View.php(224): include('D:\\XAMPP\\htdocs\\PRAKTIKUM\\Modul_6\\app\\Views\\profile.php')
 3 SYSTEMPATH\View\View.php(227): CodeIgniter\View\View->CodeIgniter\View\{closure}()
 4 SYSTEMPATH\Common.php(1173): CodeIgniter\View\View->render('profile', [], true)
 5 APPPATH\Controllers\Home.php(28): view('profile', [...])
 6 SYSTEMPATH\CodeIgniter.php(933): App\Controllers\Home->profile()
 7 SYSTEMPATH\CodeIgniter.php(507): CodeIgniter\CodeIgniter->runController(Object(App\Controllers\Home))
 8 SYSTEMPATH\CodeIgniter.php(354): CodeIgniter\CodeIgniter->handleRequest(null, Object(Config\Cache), false)
 9 SYSTEMPATH\Boot.php(334): CodeIgniter\CodeIgniter->run()
10 SYSTEMPATH\Boot.php(67): CodeIgniter\Boot::runCodeIgniter(Object(CodeIgniter\CodeIgniter))
11 FCPATH\index.php(59): CodeIgniter\Boot::bootWeb(Object(Config\Paths))
12 SYSTEMPATH\rewrite.php(44): require_once('D:\\XAMPP\\htdocs\\PRAKTIKUM\\Modul_6\\public\\index.php')
CRITICAL - 2025-05-15 14:39:23 --> ErrorException: Undefined variable $profile
[Method: GET, Route: home/profile]
in APPPATH\Views\profile.php on line 17.
 1 APPPATH\Views\profile.php(17): CodeIgniter\Debug\Exceptions->errorHandler(2, 'Undefined variable $profile', 'D:\\XAMPP\\htdocs\\PRAKTIKUM\\Modul_6\\app\\Views\\profile.php', 17)
 2 SYSTEMPATH\View\View.php(224): include('D:\\XAMPP\\htdocs\\PRAKTIKUM\\Modul_6\\app\\Views\\profile.php')
 3 SYSTEMPATH\View\View.php(227): CodeIgniter\View\View->CodeIgniter\View\{closure}()
 4 SYSTEMPATH\Common.php(1173): CodeIgniter\View\View->render('profile', [], true)
 5 APPPATH\Controllers\Home.php(28): view('profile', [...])
 6 SYSTEMPATH\CodeIgniter.php(933): App\Controllers\Home->profile()
 7 SYSTEMPATH\CodeIgniter.php(507): CodeIgniter\CodeIgniter->runController(Object(App\Controllers\Home))
 8 SYSTEMPATH\CodeIgniter.php(354): CodeIgniter\CodeIgniter->handleRequest(null, Object(Config\Cache), false)
 9 SYSTEMPATH\Boot.php(334): CodeIgniter\CodeIgniter->run()
10 SYSTEMPATH\Boot.php(67): CodeIgniter\Boot::runCodeIgniter(Object(CodeIgniter\CodeIgniter))
11 FCPATH\index.php(59): CodeIgniter\Boot::bootWeb(Object(Config\Paths))
12 SYSTEMPATH\rewrite.php(44): require_once('D:\\XAMPP\\htdocs\\PRAKTIKUM\\Modul_6\\public\\index.php')
CRITICAL - 2025-05-15 14:40:14 --> ErrorException: Undefined variable $profile
[Method: GET, Route: home/profile]
in APPPATH\Views\profile.php on line 19.
 1 APPPATH\Views\profile.php(19): CodeIgniter\Debug\Exceptions->errorHandler(2, 'Undefined variable $profile', 'D:\\XAMPP\\htdocs\\PRAKTIKUM\\Modul_6\\app\\Views\\profile.php', 19)
 2 SYSTEMPATH\View\View.php(224): include('D:\\XAMPP\\htdocs\\PRAKTIKUM\\Modul_6\\app\\Views\\profile.php')
 3 SYSTEMPATH\View\View.php(227): CodeIgniter\View\View->CodeIgniter\View\{closure}()
 4 SYSTEMPATH\Common.php(1173): CodeIgniter\View\View->render('profile', [], true)
 5 APPPATH\Controllers\Home.php(28): view('profile', [...])
 6 SYSTEMPATH\CodeIgniter.php(933): App\Controllers\Home->profile()
 7 SYSTEMPATH\CodeIgniter.php(507): CodeIgniter\CodeIgniter->runController(Object(App\Controllers\Home))
 8 SYSTEMPATH\CodeIgniter.php(354): CodeIgniter\CodeIgniter->handleRequest(null, Object(Config\Cache), false)
 9 SYSTEMPATH\Boot.php(334): CodeIgniter\CodeIgniter->run()
10 SYSTEMPATH\Boot.php(67): CodeIgniter\Boot::runCodeIgniter(Object(CodeIgniter\CodeIgniter))
11 FCPATH\index.php(59): CodeIgniter\Boot::bootWeb(Object(Config\Paths))
12 SYSTEMPATH\rewrite.php(44): require_once('D:\\XAMPP\\htdocs\\PRAKTIKUM\\Modul_6\\public\\index.php')
CRITICAL - 2025-05-15 14:40:15 --> ErrorException: Undefined variable $profile
[Method: GET, Route: home/profile]
in APPPATH\Views\profile.php on line 19.
 1 APPPATH\Views\profile.php(19): CodeIgniter\Debug\Exceptions->errorHandler(2, 'Undefined variable $profile', 'D:\\XAMPP\\htdocs\\PRAKTIKUM\\Modul_6\\app\\Views\\profile.php', 19)
 2 SYSTEMPATH\View\View.php(224): include('D:\\XAMPP\\htdocs\\PRAKTIKUM\\Modul_6\\app\\Views\\profile.php')
 3 SYSTEMPATH\View\View.php(227): CodeIgniter\View\View->CodeIgniter\View\{closure}()
 4 SYSTEMPATH\Common.php(1173): CodeIgniter\View\View->render('profile', [], true)
 5 APPPATH\Controllers\Home.php(28): view('profile', [...])
 6 SYSTEMPATH\CodeIgniter.php(933): App\Controllers\Home->profile()
 7 SYSTEMPATH\CodeIgniter.php(507): CodeIgniter\CodeIgniter->runController(Object(App\Controllers\Home))
 8 SYSTEMPATH\CodeIgniter.php(354): CodeIgniter\CodeIgniter->handleRequest(null, Object(Config\Cache), false)
 9 SYSTEMPATH\Boot.php(334): CodeIgniter\CodeIgniter->run()
10 SYSTEMPATH\Boot.php(67): CodeIgniter\Boot::runCodeIgniter(Object(CodeIgniter\CodeIgniter))
11 FCPATH\index.php(59): CodeIgniter\Boot::bootWeb(Object(Config\Paths))
12 SYSTEMPATH\rewrite.php(44): require_once('D:\\XAMPP\\htdocs\\PRAKTIKUM\\Modul_6\\public\\index.php')
CRITICAL - 2025-05-15 14:40:15 --> ErrorException: Undefined variable $profile
[Method: GET, Route: home/profile]
in APPPATH\Views\profile.php on line 19.
 1 APPPATH\Views\profile.php(19): CodeIgniter\Debug\Exceptions->errorHandler(2, 'Undefined variable $profile', 'D:\\XAMPP\\htdocs\\PRAKTIKUM\\Modul_6\\app\\Views\\profile.php', 19)
 2 SYSTEMPATH\View\View.php(224): include('D:\\XAMPP\\htdocs\\PRAKTIKUM\\Modul_6\\app\\Views\\profile.php')
 3 SYSTEMPATH\View\View.php(227): CodeIgniter\View\View->CodeIgniter\View\{closure}()
 4 SYSTEMPATH\Common.php(1173): CodeIgniter\View\View->render('profile', [], true)
 5 APPPATH\Controllers\Home.php(28): view('profile', [...])
 6 SYSTEMPATH\CodeIgniter.php(933): App\Controllers\Home->profile()
 7 SYSTEMPATH\CodeIgniter.php(507): CodeIgniter\CodeIgniter->runController(Object(App\Controllers\Home))
 8 SYSTEMPATH\CodeIgniter.php(354): CodeIgniter\CodeIgniter->handleRequest(null, Object(Config\Cache), false)
 9 SYSTEMPATH\Boot.php(334): CodeIgniter\CodeIgniter->run()
10 SYSTEMPATH\Boot.php(67): CodeIgniter\Boot::runCodeIgniter(Object(CodeIgniter\CodeIgniter))
11 FCPATH\index.php(59): CodeIgniter\Boot::bootWeb(Object(Config\Paths))
12 SYSTEMPATH\rewrite.php(44): require_once('D:\\XAMPP\\htdocs\\PRAKTIKUM\\Modul_6\\public\\index.php')
CRITICAL - 2025-05-15 14:40:15 --> ErrorException: Undefined variable $profile
[Method: GET, Route: home/profile]
in APPPATH\Views\profile.php on line 19.
 1 APPPATH\Views\profile.php(19): CodeIgniter\Debug\Exceptions->errorHandler(2, 'Undefined variable $profile', 'D:\\XAMPP\\htdocs\\PRAKTIKUM\\Modul_6\\app\\Views\\profile.php', 19)
 2 SYSTEMPATH\View\View.php(224): include('D:\\XAMPP\\htdocs\\PRAKTIKUM\\Modul_6\\app\\Views\\profile.php')
 3 SYSTEMPATH\View\View.php(227): CodeIgniter\View\View->CodeIgniter\View\{closure}()
 4 SYSTEMPATH\Common.php(1173): CodeIgniter\View\View->render('profile', [], true)
 5 APPPATH\Controllers\Home.php(28): view('profile', [...])
 6 SYSTEMPATH\CodeIgniter.php(933): App\Controllers\Home->profile()
 7 SYSTEMPATH\CodeIgniter.php(507): CodeIgniter\CodeIgniter->runController(Object(App\Controllers\Home))
 8 SYSTEMPATH\CodeIgniter.php(354): CodeIgniter\CodeIgniter->handleRequest(null, Object(Config\Cache), false)
 9 SYSTEMPATH\Boot.php(334): CodeIgniter\CodeIgniter->run()
10 SYSTEMPATH\Boot.php(67): CodeIgniter\Boot::runCodeIgniter(Object(CodeIgniter\CodeIgniter))
11 FCPATH\index.php(59): CodeIgniter\Boot::bootWeb(Object(Config\Paths))
12 SYSTEMPATH\rewrite.php(44): require_once('D:\\XAMPP\\htdocs\\PRAKTIKUM\\Modul_6\\public\\index.php')
CRITICAL - 2025-05-15 14:40:16 --> ErrorException: Undefined variable $profile
[Method: GET, Route: home/profile]
in APPPATH\Views\profile.php on line 19.
 1 APPPATH\Views\profile.php(19): CodeIgniter\Debug\Exceptions->errorHandler(2, 'Undefined variable $profile', 'D:\\XAMPP\\htdocs\\PRAKTIKUM\\Modul_6\\app\\Views\\profile.php', 19)
 2 SYSTEMPATH\View\View.php(224): include('D:\\XAMPP\\htdocs\\PRAKTIKUM\\Modul_6\\app\\Views\\profile.php')
 3 SYSTEMPATH\View\View.php(227): CodeIgniter\View\View->CodeIgniter\View\{closure}()
 4 SYSTEMPATH\Common.php(1173): CodeIgniter\View\View->render('profile', [], true)
 5 APPPATH\Controllers\Home.php(28): view('profile', [...])
 6 SYSTEMPATH\CodeIgniter.php(933): App\Controllers\Home->profile()
 7 SYSTEMPATH\CodeIgniter.php(507): CodeIgniter\CodeIgniter->runController(Object(App\Controllers\Home))
 8 SYSTEMPATH\CodeIgniter.php(354): CodeIgniter\CodeIgniter->handleRequest(null, Object(Config\Cache), false)
 9 SYSTEMPATH\Boot.php(334): CodeIgniter\CodeIgniter->run()
10 SYSTEMPATH\Boot.php(67): CodeIgniter\Boot::runCodeIgniter(Object(CodeIgniter\CodeIgniter))
11 FCPATH\index.php(59): CodeIgniter\Boot::bootWeb(Object(Config\Paths))
12 SYSTEMPATH\rewrite.php(44): require_once('D:\\XAMPP\\htdocs\\PRAKTIKUM\\Modul_6\\public\\index.php')
CRITICAL - 2025-05-15 15:19:21 --> ErrorException: Undefined variable $song
[Method: GET, Route: praktikan/profil]
in APPPATH\Views\profil.php on line 23.
 1 APPPATH\Views\profil.php(23): CodeIgniter\Debug\Exceptions->errorHandler(2, 'Undefined variable $song', 'D:\\XAMPP\\htdocs\\PRAKTIKUM\\Modul_6\\app\\Views\\profil.php', 23)
 2 SYSTEMPATH\View\View.php(224): include('D:\\XAMPP\\htdocs\\PRAKTIKUM\\Modul_6\\app\\Views\\profil.php')
 3 SYSTEMPATH\View\View.php(227): CodeIgniter\View\View->CodeIgniter\View\{closure}()
 4 SYSTEMPATH\Common.php(1173): CodeIgniter\View\View->render('profil', [], true)
 5 APPPATH\Controllers\Praktikan.php(28): view('profil', [...])
 6 SYSTEMPATH\CodeIgniter.php(933): App\Controllers\Praktikan->profil()
 7 SYSTEMPATH\CodeIgniter.php(507): CodeIgniter\CodeIgniter->runController(Object(App\Controllers\Praktikan))
 8 SYSTEMPATH\CodeIgniter.php(354): CodeIgniter\CodeIgniter->handleRequest(null, Object(Config\Cache), false)
 9 SYSTEMPATH\Boot.php(334): CodeIgniter\CodeIgniter->run()
10 SYSTEMPATH\Boot.php(67): CodeIgniter\Boot::runCodeIgniter(Object(CodeIgniter\CodeIgniter))
11 FCPATH\index.php(59): CodeIgniter\Boot::bootWeb(Object(Config\Paths))
12 SYSTEMPATH\rewrite.php(44): require_once('D:\\XAMPP\\htdocs\\PRAKTIKUM\\Modul_6\\public\\index.php')
CRITICAL - 2025-05-15 15:19:28 --> ErrorException: Undefined variable $song
[Method: GET, Route: praktikan/profil]
in APPPATH\Views\profil.php on line 23.
 1 APPPATH\Views\profil.php(23): CodeIgniter\Debug\Exceptions->errorHandler(2, 'Undefined variable $song', 'D:\\XAMPP\\htdocs\\PRAKTIKUM\\Modul_6\\app\\Views\\profil.php', 23)
 2 SYSTEMPATH\View\View.php(224): include('D:\\XAMPP\\htdocs\\PRAKTIKUM\\Modul_6\\app\\Views\\profil.php')
 3 SYSTEMPATH\View\View.php(227): CodeIgniter\View\View->CodeIgniter\View\{closure}()
 4 SYSTEMPATH\Common.php(1173): CodeIgniter\View\View->render('profil', [], true)
 5 APPPATH\Controllers\Praktikan.php(28): view('profil', [...])
 6 SYSTEMPATH\CodeIgniter.php(933): App\Controllers\Praktikan->profil()
 7 SYSTEMPATH\CodeIgniter.php(507): CodeIgniter\CodeIgniter->runController(Object(App\Controllers\Praktikan))
 8 SYSTEMPATH\CodeIgniter.php(354): CodeIgniter\CodeIgniter->handleRequest(null, Object(Config\Cache), false)
 9 SYSTEMPATH\Boot.php(334): CodeIgniter\CodeIgniter->run()
10 SYSTEMPATH\Boot.php(67): CodeIgniter\Boot::runCodeIgniter(Object(CodeIgniter\CodeIgniter))
11 FCPATH\index.php(59): CodeIgniter\Boot::bootWeb(Object(Config\Paths))
12 SYSTEMPATH\rewrite.php(44): require_once('D:\\XAMPP\\htdocs\\PRAKTIKUM\\Modul_6\\public\\index.php')
CRITICAL - 2025-05-15 15:19:51 --> ErrorException: Undefined variable $song
[Method: GET, Route: praktikan/profil]
in APPPATH\Views\profil.php on line 23.
 1 APPPATH\Views\profil.php(23): CodeIgniter\Debug\Exceptions->errorHandler(2, 'Undefined variable $song', 'D:\\XAMPP\\htdocs\\PRAKTIKUM\\Modul_6\\app\\Views\\profil.php', 23)
 2 SYSTEMPATH\View\View.php(224): include('D:\\XAMPP\\htdocs\\PRAKTIKUM\\Modul_6\\app\\Views\\profil.php')
 3 SYSTEMPATH\View\View.php(227): CodeIgniter\View\View->CodeIgniter\View\{closure}()
 4 SYSTEMPATH\Common.php(1173): CodeIgniter\View\View->render('profil', [], true)
 5 APPPATH\Controllers\Praktikan.php(28): view('profil', [...])
 6 SYSTEMPATH\CodeIgniter.php(933): App\Controllers\Praktikan->profil()
 7 SYSTEMPATH\CodeIgniter.php(507): CodeIgniter\CodeIgniter->runController(Object(App\Controllers\Praktikan))
 8 SYSTEMPATH\CodeIgniter.php(354): CodeIgniter\CodeIgniter->handleRequest(null, Object(Config\Cache), false)
 9 SYSTEMPATH\Boot.php(334): CodeIgniter\CodeIgniter->run()
10 SYSTEMPATH\Boot.php(67): CodeIgniter\Boot::runCodeIgniter(Object(CodeIgniter\CodeIgniter))
11 FCPATH\index.php(59): CodeIgniter\Boot::bootWeb(Object(Config\Paths))
12 SYSTEMPATH\rewrite.php(44): require_once('D:\\XAMPP\\htdocs\\PRAKTIKUM\\Modul_6\\public\\index.php')
